\BOOKMARK [0][-]{chapter.2}{\376\377\000O\000r\000g\000a\000n\000i\000s\000a\000t\000i\000o\000n\000\040\000d\000e\000\040\000l\000'\000\351\000q\000u\000i\000p\000e\000\040\000e\000t\000\040\000p\000l\000a\000n\000n\000i\000n\000g}{}% 1
\BOOKMARK [1][-]{section.3}{\376\377\000O\000r\000g\000a\000n\000i\000s\000a\000t\000i\000o\000n\000\040\000d\000e\000\040\000l\000'\000\351\000q\000u\000i\000p\000e}{chapter.2}% 2
\BOOKMARK [1][-]{section.4}{\376\377\000P\000l\000a\000n\000n\000i\000n\000g}{chapter.2}% 3
\BOOKMARK [0][-]{chapter.6}{\376\377\000S\000o\000l\000u\000t\000i\000o\000n\000\040\000n\000\260\000\040\0001}{}% 4
\BOOKMARK [0][-]{chapter.32}{\376\377\000S\000o\000l\000u\000t\000i\000o\000n\000\040\000n\000\260\000\040\0002}{}% 5
\BOOKMARK [1][-]{section.33}{\376\377\000F\000i\000c\000h\000i\000e\000r\000s\000\040\000s\000o\000u\000r\000c\000e\000s}{chapter.32}% 6
\BOOKMARK [1][-]{section.34}{\376\377\000T\000r\000a\000v\000a\000i\000l\000\040\000e\000f\000f\000e\000c\000t\000u\000\351}{chapter.32}% 7
\BOOKMARK [1][-]{section.35}{\376\377\000L\040\031\000a\000r\000b\000o\000r\000e\000s\000c\000e\000n\000c\000e\000\040\000d\000e\000s\000\040\000f\000i\000c\000h\000i\000e\000r\000s\000\040\000i\000n\000-\000t\000r\000e\000e}{chapter.32}% 8
\BOOKMARK [1][-]{section.37}{\376\377\000C\000o\000m\000p\000i\000l\000a\000t\000i\000o\000n\000\040\000d\000e\000\040\000d\000r\000i\000v\000e\000r}{chapter.32}% 9
\BOOKMARK [1][-]{section.56}{\376\377\000U\000t\000i\000l\000i\000s\000a\000t\000i\000o\000n\000\040\000d\000u\000\040\000d\000r\000i\000v\000e\000r\000\040\000s\000u\000r\000\040\000l\000a\000\040\000c\000i\000b\000l\000e}{chapter.32}% 10
\BOOKMARK [0][-]{chapter.60}{\376\377\000S\000o\000l\000u\000t\000i\000o\000n\000\040\000n\000\260\000\040\0003}{}% 11
\BOOKMARK [1][-]{section.61}{\376\377\000C\000o\000n\000t\000e\000n\000u\000\040\000d\000e\000s\000\040\000s\000o\000u\000r\000c\000e\000s}{chapter.60}% 12
\BOOKMARK [1][-]{section.65}{\376\377\000P\000r\000o\000b\000l\000\350\000m\000e\000s\000\040\000r\000e\000n\000c\000o\000n\000t\000r\000\351\000s}{chapter.60}% 13
\BOOKMARK [1][-]{section.66}{\376\377\000l\000i\000e\000n\000\040\000G\000I\000T}{chapter.60}% 14
\BOOKMARK [1][-]{section.67}{\376\377\000S\000o\000u\000r\000c\000e\000\040\000d\000e\000s\000\040\000p\000a\000t\000c\000h\000s}{chapter.60}% 15
\BOOKMARK [1][-]{section.68}{\376\377\000A\000j\000o\000u\000t\000\040\000d\000e\000\040\000p\000a\000q\000u\000e\000t\000s}{chapter.60}% 16
\BOOKMARK [0][-]{chapter.83}{\376\377\000\311\000t\000a\000t\000\040\000d\000e\000\040\000l\000'\000a\000r\000t\000\040\000d\000e\000\040\000l\000a\000\040\000r\000\351\000c\000u\000p\000\351\000r\000a\000t\000i\000o\000n\000\040\000d\000u\000\040\000f\000l\000u\000x\000\040\000v\000i\000d\000\351\000o}{}% 17
\BOOKMARK [1][-]{section.84}{\376\377\000M\000e\000t\000h\000o\000d\000o\000l\000o\000g\000i\000e\000\040\000p\000a\000r\000\040\000l\000a\000\040\000W\000e\000b\000c\000a\000m\000\040\000U\000S\000B}{chapter.83}% 18
\BOOKMARK [1][-]{section.98}{\376\377\000P\000r\000o\000b\000l\000\350\000m\000e\000s}{chapter.83}% 19
\BOOKMARK [1][-]{section.99}{\376\377\000P\000o\000i\000n\000t\000\040\000d\000'\000a\000m\000\351\000l\000i\000o\000r\000a\000t\000i\000o\000n}{chapter.83}% 20
\BOOKMARK [1][-]{section.100}{\376\377\000S\000o\000u\000r\000c\000e\000s}{chapter.83}% 21
\BOOKMARK [0][-]{chapter.101}{\376\377\000C\000o\000n\000c\000l\000u\000s\000i\000o\000n}{}% 22
