\BOOKMARK [0][-]{chapter.2}{\376\377\000O\000r\000g\000a\000n\000i\000s\000a\000t\000i\000o\000n\000\040\000d\000e\000\040\000l\000'\000\351\000q\000u\000i\000p\000e\000\040\000e\000t\000\040\000p\000l\000a\000n\000n\000i\000n\000g}{}% 1
\BOOKMARK [1][-]{section.3}{\376\377\000O\000r\000g\000a\000n\000i\000s\000a\000t\000i\000o\000n\000\040\000d\000e\000\040\000l\000'\000\351\000q\000u\000i\000p\000e}{chapter.2}% 2
\BOOKMARK [1][-]{section.4}{\376\377\000P\000l\000a\000n\000n\000i\000n\000g}{chapter.2}% 3
\BOOKMARK [0][-]{chapter.7}{\376\377\000P\000i\000s\000t\000e\000\040\000n\000\260\000\040\0001}{}% 4
\BOOKMARK [1][-]{section.8}{\376\377\000E\000r\000r\000e\000u\000r}{chapter.7}% 5
\BOOKMARK [1][-]{section.11}{\376\377\000S\000o\000l\000u\000t\000i\000o\000n}{chapter.7}% 6
\BOOKMARK [1][-]{section.34}{\376\377\000C\000o\000n\000c\000l\000u\000s\000i\000o\000n}{chapter.7}% 7
\BOOKMARK [1][-]{section.35}{\376\377\000E\000r\000r\000e\000u\000r}{chapter.7}% 8
\BOOKMARK [1][-]{section.37}{\376\377\000S\000o\000l\000u\000t\000i\000o\000n}{chapter.7}% 9
\BOOKMARK [1][-]{section.44}{\376\377\000C\000o\000n\000c\000l\000u\000s\000i\000o\000n}{chapter.7}% 10
\BOOKMARK [1][-]{section.46}{\376\377\000E\000r\000r\000e\000u\000r}{chapter.7}% 11
\BOOKMARK [1][-]{section.48}{\376\377\000R\000e\000s\000t\000e\000\040\000\340\000\040\000f\000a\000i\000r\000e}{chapter.7}% 12
\BOOKMARK [0][-]{chapter.49}{\376\377\000S\000o\000l\000u\000t\000i\000o\000n\000\040\000n\000\260\000\040\0002}{}% 13
\BOOKMARK [1][-]{section.50}{\376\377\000K\000e\000r\000n\000e\000l\000\040\0004\000.\0001\0004}{chapter.49}% 14
\BOOKMARK [1][-]{section.51}{\376\377\000T\000r\000a\000v\000a\000i\000l\000\040\000e\000f\000f\000e\000c\000t\000u\000\351}{chapter.49}% 15
\BOOKMARK [1][-]{section.58}{\376\377\000E\000r\000r\000e\000u\000r}{chapter.49}% 16
\BOOKMARK [1][-]{section.60}{\376\377\000C\000o\000n\000c\000l\000u\000s\000i\000o\000n}{chapter.49}% 17
\BOOKMARK [1][-]{section.61}{\376\377\000R\000e\000s\000t\000e\000\040\000\340\000\040\000f\000a\000i\000r\000e}{chapter.49}% 18
\BOOKMARK [0][-]{chapter.62}{\376\377\000C\000o\000m\000p\000i\000l\000a\000t\000i\000o\000n\000\040\000d\000'\000u\000n\000\040\000O\000S\000\040\000a\000v\000e\000c\000\040\000u\000n\000\040\000k\000e\000r\000n\000e\000l\000\040\0003\000.\0001\0004}{}% 19
\BOOKMARK [1][-]{section.63}{\376\377\000C\000o\000m\000m\000a\000n\000d\000e\000\040\000r\000e\000p\000o}{chapter.62}% 20
\BOOKMARK [2][-]{subsection.64}{\376\377\000G\000e\000s\000t\000i\000o\000n\000n\000a\000i\000r\000e\000\040\000d\000e\000\040\000p\000a\000q\000u\000e\000t}{section.63}% 21
\BOOKMARK [2][-]{subsection.65}{\376\377\000T\000\351\000l\000\351\000c\000h\000a\000r\000g\000e\000m\000e\000n\000t}{section.63}% 22
\BOOKMARK [1][-]{section.66}{\376\377\000P\000r\000\351\000p\000a\000r\000a\000t\000i\000o\000n\000\040\000d\000u\000\040\000d\000\351\000p\000\364\000t}{chapter.62}% 23
\BOOKMARK [2][-]{subsection.67}{\376\377\000C\000r\000\351\000a\000t\000i\000o\000n\000\040\000d\000u\000\040\000d\000\351\000p\000\364\000t}{section.66}% 24
\BOOKMARK [2][-]{subsection.68}{\376\377\000R\000\351\000c\000u\000p\000\351\000r\000a\000t\000i\000o\000n\000\040\000d\000e\000s\000\040\000s\000o\000u\000r\000c\000e\000s}{section.66}% 25
\BOOKMARK [1][-]{section.69}{\376\377\000U\000t\000i\000l\000i\000s\000a\000t\000i\000o\000n\000\040\000d\000e\000\040\000n\000o\000t\000r\000e\000\040\000m\000e\000t\000a}{chapter.62}% 26
\BOOKMARK [2][-]{subsection.70}{\376\377\000T\000\351\000l\000\351\000c\000h\000a\000r\000g\000e\000m\000e\000n\000t}{section.69}% 27
\BOOKMARK [2][-]{subsection.71}{\376\377\000I\000m\000p\000l\000\351\000m\000e\000n\000t\000a\000t\000i\000o\000n}{section.69}% 28
\BOOKMARK [1][-]{section.72}{\376\377\000C\000o\000m\000p\000i\000l\000a\000t\000i\000o\000n}{chapter.62}% 29
\BOOKMARK [0][-]{chapter.73}{\376\377\000C\000o\000n\000c\000l\000u\000s\000i\000o\000n}{}% 30
