\BOOKMARK [0][-]{section*.1}{\376\377\000R\000\351\000s\000u\000m\000\351}{}% 1
\BOOKMARK [0][-]{section*.2}{\376\377\000R\000e\000m\000e\000r\000c\000i\000e\000m\000e\000n\000t\000s}{}% 2
\BOOKMARK [0][-]{chapter.3}{\376\377\000I\000n\000t\000r\000o\000d\000u\000c\000t\000i\000o\000n}{}% 3
\BOOKMARK [1][-]{section.4}{\376\377\000P\000r\000o\000j\000e\000t\000\040\000p\000r\000o\000f\000e\000s\000s\000i\000o\000n\000n\000e\000l}{chapter.3}% 4
\BOOKMARK [1][-]{section.5}{\376\377\000P\000r\000o\000j\000e\000t\000\040\000\351\000t\000u\000d\000i\000a\000n\000t}{chapter.3}% 5
\BOOKMARK [2][-]{subsection.6}{\376\377\000C\000a\000d\000r\000e\000\040\000d\000u\000\040\000p\000r\000o\000j\000e\000t\000\040\000\351\000t\000u\000d\000i\000a\000n\000t}{section.5}% 6
\BOOKMARK [0][-]{chapter.7}{\376\377\000G\000e\000s\000t\000i\000o\000n\000\040\000d\000e\000\040\000p\000r\000o\000j\000e\000t}{}% 7
\BOOKMARK [1][-]{section.8}{\376\377\000O\000r\000g\000a\000n\000i\000s\000a\000t\000i\000o\000n\000\040\000d\000e\000\040\000l\000'\000\351\000q\000u\000i\000p\000e}{chapter.7}% 8
\BOOKMARK [2][-]{subsection.9}{\376\377\000M\000e\000m\000b\000r\000e\000s\000\040\000d\000u\000\040\000p\000r\000o\000j\000e\000t\000\040\000\050\000R\000P\000,\000M\000L\000\051}{section.8}% 9
\BOOKMARK [2][-]{subsection.11}{\376\377\000O\000r\000g\000a\000n\000i\000s\000a\000t\000i\000o\000n\000\040\000e\000x\000t\000e\000r\000n\000e\000\040\000\050\000A\000A\000,\000M\000L\000\051}{section.8}% 10
\BOOKMARK [2][-]{subsection.13}{\376\377\000O\000r\000g\000a\000n\000i\000s\000a\000t\000i\000o\000n\000\040\000i\000n\000t\000e\000r\000n\000e\000\040\000\050\000A\000A\000,\000M\000L\000\051}{section.8}% 11
\BOOKMARK [1][-]{section.14}{\376\377\000D\000i\000a\000g\000r\000a\000m\000m\000e\000\040\000d\000e\000\040\000G\000a\000n\000t\000t\000\040\000\050\000A\000A\000,\000R\000P\000\051}{chapter.7}% 12
\BOOKMARK [1][-]{section.16}{\376\377\000O\000u\000t\000i\000l\000s\000\040\000u\000t\000i\000l\000i\000s\000\351\000s}{chapter.7}% 13
\BOOKMARK [2][-]{subsection.17}{\376\377\000V\000e\000r\000s\000i\000o\000n\000n\000i\000n\000g\000\040\000d\000e\000s\000\040\000c\000o\000d\000e\000s\000\040\000\050\000A\000A\000,\000R\000P\000\051}{section.16}% 14
\BOOKMARK [3][-]{section*.18}{\376\377\000C\000o\000m\000m\000a\000n\000d\000e\000s}{subsection.17}% 15
\BOOKMARK [2][-]{subsection.20}{\376\377\000C\000o\000m\000m\000u\000n\000i\000c\000a\000t\000i\000o\000n\000\040\000\050\000C\000A\000,\000M\000L\000\051}{section.16}% 16
\BOOKMARK [3][-]{section*.21}{\376\377\000A\000v\000a\000n\000t\000a\000g\000e\000s\000\040\000d\000e\000\040\000S\000l\000a\000c\000k}{subsection.20}% 17
\BOOKMARK [3][-]{section*.22}{\376\377\000I\000n\000c\000o\000n\000v\000\351\000n\000i\000e\000n\000t\000s\000\040\000d\000e\000\040\000S\000l\000a\000c\000k}{subsection.20}% 18
\BOOKMARK [2][-]{subsection.23}{\376\377\000Y\000o\000c\000t\000o\000\040\000\050\000C\000A\000,\000M\000L\000,\000A\000A\000\051}{section.16}% 19
\BOOKMARK [3][-]{section*.24}{\376\377\000P\000o\000k\000y}{subsection.23}% 20
\BOOKMARK [3][-]{section*.25}{\376\377\000B\000i\000t\000b\000a\000k\000e}{subsection.23}% 21
\BOOKMARK [1][-]{section.26}{\376\377\000C\000a\000m\000\351\000r\000a\000\040\000R\000a\000s\000p\000b\000e\000r\000r\000y\000\040\000P\000i\000\040\000v\0002\000\040\000\050\000C\000A\000,\000M\000L\000\051}{chapter.7}% 22
\BOOKMARK [1][-]{section.28}{\376\377\000I\000n\000t\000e\000r\000f\000a\000c\000e\000\040\000c\000a\000m\000\351\000r\000a\000\040\000M\000I\000P\000I\000\040\000C\000S\000I\000-\0002\000\040\000\050\000M\000L\000\051}{chapter.7}% 23
\BOOKMARK [1][-]{section.30}{\376\377\000C\000a\000r\000t\000e\000\040\000d\000e\000\040\000d\000\351\000v\000e\000l\000o\000p\000p\000e\000m\000e\000n\000t\000\040\000O\000p\000e\000n\000R\000e\000x\000\040\000\050\000M\000L\000\051}{chapter.7}% 24
\BOOKMARK [1][-]{section.32}{\376\377\000V\000i\000d\000e\000o\000\040\000f\000o\000r\000\040\000L\000i\000n\000u\000x\000\040\0002\000\040\000\050\000V\0004\000L\0002\000\051\000\040\000C\000A\000\051}{chapter.7}% 25
\BOOKMARK [2][-]{subsection.33}{\376\377\000P\000a\000c\000k\000a\000g\000e\000\040\000V\0004\000L\000-\000u\000t\000i\000l\000s}{section.32}% 26
\BOOKMARK [2][-]{subsection.34}{\376\377\000P\000r\000i\000n\000c\000i\000p\000a\000l\000e\000s\000\040\000c\000o\000m\000m\000a\000n\000d\000e\000s\000\040\000d\000e\000\040\000c\000o\000n\000t\000r\000\364\000l\000e}{section.32}% 27
\BOOKMARK [3][-]{section*.36}{\376\377\000S\000t\000r\000u\000c\000t\000u\000r\000e\000s\000\040\000V\0004\000L\0002}{subsection.34}% 28
\BOOKMARK [1][-]{section.113}{\376\377\000G\000S\000t\000r\000e\000a\000m\000e\000r\000\040\000\050\000R\000P\000,\000C\000A\000\051}{chapter.7}% 29
\BOOKMARK [0][-]{chapter.115}{\376\377\000T\000r\000a\000v\000a\000i\000l\000\040\000r\000\351\000a\000l\000i\000s\000\351}{}% 30
\BOOKMARK [1][-]{section.116}{\376\377\000G\000\351\000n\000\351\000r\000a\000t\000i\000o\000n\000\040\000d\000'\000u\000n\000e\000\040\000m\000\351\000t\000a\000-\000d\000o\000n\000n\000\351\000e\000\040\000\050\000R\000P\000,\000A\000A\000\051}{chapter.115}% 31
\BOOKMARK [2][-]{subsection.118}{\376\377\000f\000s\000l\000-\000c\000o\000m\000m\000u\000n\000i\000t\000y\000-\000b\000s\000p\000-\000p\000l\000a\000t\000f\000o\000r\000m\000\040\000\050\000R\000P\000\051}{section.116}% 32
\BOOKMARK [2][-]{subsection.128}{\376\377\000f\000s\000l\000-\000c\000o\000m\000m\000u\000n\000i\000t\000y\000-\000b\000s\000p\000-\000d\000a\000t\000a\000\040\000\050\000R\000P\000\051}{section.116}% 33
\BOOKMARK [1][-]{section.150}{\376\377\000G\000\351\000n\000\351\000r\000a\000t\000i\000o\000n\000\040\000d\000'\000u\000n\000\040\000O\000S\000\040\000\050\000R\000P\000,\000M\000L\000,\000A\000A\000\051}{chapter.115}% 34
\BOOKMARK [2][-]{subsection.151}{\376\377\000P\000r\000\351\000p\000a\000r\000a\000t\000i\000o\000n\000\040\000d\000e\000\040\000l\000'\000e\000n\000v\000i\000r\000o\000n\000n\000e\000m\000e\000n\000t\000\040\000\050\000R\000P\000,\000A\000A\000\051}{section.150}% 35
\BOOKMARK [2][-]{subsection.152}{\376\377\000P\000r\000\351\000p\000a\000r\000a\000t\000i\000o\000n\000\040\000d\000e\000\040\000n\000o\000t\000r\000e\000\040\000m\000e\000t\000a\000-\000d\000o\000n\000n\000\351\000e\000\040\000\050\000R\000P\000,\000A\000A\000\051}{section.150}% 36
\BOOKMARK [1][-]{section.154}{\376\377\000I\000m\000p\000l\000\351\000m\000e\000n\000t\000a\000t\000i\000o\000n\000\040\000d\000e\000\040\000c\000o\000d\000e\000\040\000d\000a\000n\000s\000\040\000l\000e\000\040\000B\000S\000P\000\040\000\050\000A\000A\000\051}{chapter.115}% 37
\BOOKMARK [2][-]{subsection.155}{\376\377\000E\000x\000t\000r\000a\000i\000t\000\040\000d\000e\000\040\000l\000i\000n\000u\000x\000-\000v\000o\000i\000p\000a\000c\000-\0004\000.\0001\000.\000b\000b}{section.154}% 38
\BOOKMARK [2][-]{subsection.162}{\376\377\000E\000x\000t\000r\000a\000i\000t\000\040\000d\000e\000\040\000l\000i\000n\000u\000x\000-\000v\000o\000i\000p\000a\000c\000\137\000\040\000\045\000.\000b\000b\000a\000p\000p\000e\000n\000d}{section.154}% 39
\BOOKMARK [1][-]{section.169}{\376\377\000I\000m\000p\000l\000\351\000m\000e\000n\000t\000a\000t\000i\000o\000n\000\040\000d\000e\000s\000\040\000s\000u\000p\000p\000o\000r\000t\000s\000\040\000d\000e\000\040\000c\000o\000m\000p\000i\000l\000a\000t\000i\000o\000n\000\040\000\050\000A\000A\000\051}{chapter.115}% 40
\BOOKMARK [1][-]{section.190}{\376\377\000U\000t\000i\000l\000s\000a\000t\000i\000o\000n\000\040\000d\000e\000\040\000d\000r\000i\000v\000e\000r\000s\000\040\000e\000x\000i\000s\000t\000a\000n\000t\000s\000\040\000\050\000M\000L\000,\000C\000A\000,\000R\000P\000,\000A\000A\000\051}{chapter.115}% 41
\BOOKMARK [2][-]{subsection.191}{\376\377\000P\000r\000\351\000s\000e\000n\000t\000a\000t\000i\000o\000n\000\040\000d\000'\000u\000n\000\040\000d\000r\000i\000v\000e\000r\000\040\000\050\000M\000L\000\051}{section.190}% 42
\BOOKMARK [2][-]{subsection.192}{\376\377\000U\000t\000i\000l\000i\000s\000a\000t\000i\000o\000n\000\040\000d\000e\000\040\000l\000'\000e\000x\000i\000s\000t\000a\000n\000t\000\040\000\050\000R\000P\000,\000A\000A\000\051}{section.190}% 43
\BOOKMARK [3][-]{section*.194}{\376\377\000C\000o\000m\000p\000i\000l\000a\000t\000i\000o\000n\000\040\000p\000a\000r\000\040\000S\000D\000K\000\040\000\050\000M\000L\000,\000C\000A\000\051}{subsection.192}% 44
\BOOKMARK [3][-]{section*.195}{\376\377\000C\000o\000m\000p\000a\000t\000i\000l\000a\000t\000i\000o\000n\000\040\000o\000u\000t\000-\000o\000f\000-\000t\000r\000e\000e\000\040\000\050\000M\000L\000,\000C\000A\000\051}{subsection.192}% 45
\BOOKMARK [3][-]{section*.197}{\376\377\000C\000o\000m\000p\000a\000t\000i\000l\000a\000t\000i\000o\000n\000\040\000i\000n\000-\000t\000r\000e\000e\000\040\000\050\000M\000L\000,\000A\000A\000\051}{subsection.192}% 46
\BOOKMARK [2][-]{subsection.198}{\376\377\000i\000m\000x\0002\0001\0009\000\040\000-\000\040\000H\000u\000m\000m\000i\000n\000g\000b\000o\000a\000r\000d\000\040\000\050\000A\000A\000\051}{section.190}% 47
\BOOKMARK [3][-]{section*.199}{\376\377\000O\000r\000i\000g\000i\000n\000e\000\040\000d\000e\000s\000\040\000s\000o\000u\000r\000c\000e\000s}{subsection.198}% 48
\BOOKMARK [3][-]{section*.200}{\376\377\000C\000o\000m\000p\000i\000l\000a\000t\000i\000o\000n\000\040\000i\000n\000-\000t\000r\000e\000e\000\040\000\050\000R\000P\000\051}{subsection.198}% 49
\BOOKMARK [2][-]{subsection.201}{\376\377\000i\000m\000x\0002\0001\0009\000\040\000-\000\040\000N\000v\000i\000d\000i\000a\000-\000T\000e\000g\000r\000a\000\040\000C\000h\000r\000o\000m\000i\000u\000m\000-\000O\000s\000\040\000\050\000C\000A\000,\000A\000A\000\051}{section.190}% 50
\BOOKMARK [3][-]{section*.202}{\376\377\000O\000r\000i\000g\000i\000n\000e\000\040\000d\000e\000s\000\040\000s\000o\000u\000r\000c\000e\000s}{subsection.201}% 51
\BOOKMARK [3][-]{section*.203}{\376\377\000C\000o\000m\000p\000a\000t\000i\000b\000i\000l\000i\000t\000\351\000\040\000a\000v\000e\000c\000\040\000l\000e\000\040\000d\000e\000v\000i\000c\000e\000\040\000t\000r\000e\000e}{subsection.201}% 52
\BOOKMARK [2][-]{subsection.242}{\376\377\000i\000m\000x\0002\0001\0009\000\040\000-\000\040\000R\000a\000s\000p\000b\000e\000r\000r\000y\000\040\000P\000i\000\040\000v\0002\000\040\000\050\000A\000A\000\051}{section.190}% 53
\BOOKMARK [3][-]{section*.243}{\376\377\000O\000r\000i\000g\000i\000n\000e\000\040\000d\000e\000s\000\040\000s\000o\000u\000r\000c\000e\000s}{subsection.242}% 54
\BOOKMARK [3][-]{section*.244}{\376\377\000P\000o\000r\000t\000a\000g\000e\000\040\000d\000u\000\040\000B\000S\000P\000\040\000V\000o\000i\000p\000a\000c\000\040\000s\000u\000r\000\040\000u\000n\000\040\000k\000e\000r\000n\000e\000l\000\040\0004\000.\0001\0004\000\040\000\050\000A\000A\000,\000R\000P\000\051}{subsection.242}% 55
\BOOKMARK [1][-]{section.250}{\376\377\000D\000\351\000v\000e\000l\000o\000p\000p\000e\000m\000e\000n\000t\000\040\000d\000'\000u\000n\000\040\000d\000r\000i\000v\000e\000r\000\040\000\050\000A\000A\000,\000R\000P\000,\000C\000A\000,\000M\000L\000\051}{chapter.115}% 56
\BOOKMARK [2][-]{subsection.251}{\376\377\000O\000r\000g\000a\000n\000i\000s\000a\000t\000i\000o\000n\000\040\000d\000'\000u\000n\000\040\000d\000r\000i\000v\000e\000r\000\040\000M\000I\000P\000I\000/\000C\000S\000I\000\040\000\050\000A\000A\000\051}{section.250}% 57
\BOOKMARK [3][-]{section*.252}{\376\377\000I\000n\000t\000\351\000g\000r\000a\000t\000i\000o\000n\000\040\000a\000u\000\040\000d\000e\000v\000i\000c\000e\000\040\000t\000r\000e\000e\000\040\000\050\000A\000A\000,\000C\000A\000\051}{subsection.251}% 58
\BOOKMARK [2][-]{subsection.285}{\376\377\000V\000a\000l\000i\000d\000a\000t\000i\000o\000n\000\040\000d\000u\000\040\000d\000r\000i\000v\000e\000r\000\040\000\050\000A\000A\000,\000R\000P\000,\000M\000L\000,\000C\000A\000\051}{section.250}% 59
\BOOKMARK [3][-]{section*.286}{\376\377\000L\000e\000c\000t\000u\000r\000e\000\040\000d\000u\000\040\000b\000u\000s\000\040\000I\0002\000C}{subsection.285}% 60
\BOOKMARK [0][-]{chapter.288}{\376\377\000C\000o\000n\000c\000l\000u\000s\000i\000o\000n}{}% 61
<<<<<<< HEAD
\BOOKMARK [1][-]{section.289}{\376\377\000B\000i\000l\000a\000n\000\040\000t\000e\000c\000h\000n\000i\000q\000u\000e}{chapter.288}% 62
\BOOKMARK [1][-]{section.291}{\376\377\000B\000i\000l\000a\000n\000\040\000d\000e\000\040\000s\000u\000i\000v\000i\000\040\000d\000e\000\040\000p\000r\000o\000j\000e\000t}{chapter.288}% 63
\BOOKMARK [1][-]{section.292}{\376\377\000C\000o\000n\000c\000l\000u\000s\000i\000o\000n}{chapter.288}% 64
\BOOKMARK [1][-]{section.293}{\376\377\000P\000r\000o\000c\000\351\000d\000u\000r\000e\000\040\000i\000n\000i\000t\000i\000a\000l\000e}{chapter.288}% 65
\BOOKMARK [2][-]{subsection.294}{\376\377\000G\000\351\000r\000e\000r\000\040\000s\000o\000n\000\040\000e\000s\000p\000a\000c\000e\000\040\000m\000\351\000m\000o\000i\000r\000e}{section.293}% 66
\BOOKMARK [2][-]{subsection.298}{\376\377\000P\000r\000\351\000p\000a\000r\000a\000t\000i\000o\000n\000\040\000d\000e\000\040\000l\040\031\000e\000n\000v\000i\000r\000o\000n\000n\000e\000m\000e\000n\000t}{section.293}% 67
\BOOKMARK [2][-]{subsection.299}{\376\377\000T\000\351\000l\000\351\000c\000h\000a\000r\000g\000e\000m\000e\000n\000t\000\040\000d\000e\000s\000\040\000s\000o\000u\000r\000c\000e\000s\000\040\000F\000r\000e\000e\000s\000c\000a\000l\000e}{section.293}% 68
\BOOKMARK [3][-]{section*.300}{\376\377\000Y\000o\000c\000t\000o\000\040\000v\000e\000r\000s\000i\000o\000n\000\040\0002\000.\0000}{subsection.299}% 69
\BOOKMARK [3][-]{section*.301}{\376\377\000Y\000o\000c\000t\000o\000\040\000v\000e\000r\000s\000i\000o\000n\000\040\0002\000.\0001}{subsection.299}% 70
\BOOKMARK [2][-]{subsection.302}{\376\377\000C\000o\000m\000p\000i\000l\000a\000t\000i\000o\000n\000\040\000\050\000\040\000Y\000o\000c\000t\000o\000\040\0002\000.\0000\000\040\000\051}{section.293}% 71
\BOOKMARK [2][-]{subsection.303}{\376\377\000C\000o\000m\000p\000i\000l\000a\000t\000i\000o\000n\000\040\000\050\000\040\000Y\000o\000c\000t\000o\000\040\0002\000.\0001\000\040\000\051}{section.293}% 72
\BOOKMARK [2][-]{subsection.304}{\376\377\000D\000\351\000p\000l\000o\000i\000e\000m\000e\000n\000t\000\040\000d\000e\000\040\000l\040\031\000i\000m\000a\000g\000e\000\040\000\050\000\040\000Y\000o\000c\000t\000o\000\040\0002\000.\0000\000\040\000\051}{section.293}% 73
\BOOKMARK [2][-]{subsection.305}{\376\377\000D\000\351\000p\000l\000o\000i\000e\000m\000e\000n\000t\000\040\000d\000e\000\040\000l\040\031\000i\000m\000a\000g\000e\000\040\000\050\000\040\000Y\000o\000c\000t\000o\000\040\0002\000.\0001\000\040\000\051}{section.293}% 74
\BOOKMARK [2][-]{subsection.306}{\376\377\000E\000t\000a\000t\000\040\000i\000n\000i\000t\000i\000a\000l}{section.293}% 75
\BOOKMARK [2][-]{subsection.307}{\376\377\000A\000j\000o\000u\000t\000\040\000d\000e\000\040\000n\000o\000t\000r\000e\000\040\000m\000\351\000t\000a\000\040\000\050\000Y\000o\000c\000t\000o\000\040\0002\000.\0000\000\051}{section.293}% 76
\BOOKMARK [1][-]{section.308}{\376\377\000U\000s\000a\000g\000e\000\040\000c\000o\000u\000r\000a\000n\000t}{chapter.288}% 77
\BOOKMARK [2][-]{subsection.311}{\376\377\000V\000\351\000r\000i\000f\000i\000c\000a\000t\000i\000o\000n\000\040\000d\000e\000\040\000l\040\031\000i\000m\000a\000g\000e\000\040\000d\000e\000m\000a\000n\000d\000\351\000e}{section.308}% 78
\BOOKMARK [2][-]{subsection.359}{\376\377\000C\000o\000m\000p\000i\000l\000a\000t\000i\000o\000n}{section.308}% 79
=======
\BOOKMARK [1][-]{section.289}{\376\377\000B\000i\000l\000a\000n\000\040\000t\000e\000c\000h\000n\000i\000q\000u\000e\000\040\000\050\000A\000A\000,\000M\000L\000\051}{chapter.288}% 62
\BOOKMARK [1][-]{section.291}{\376\377\000B\000i\000l\000a\000n\000\040\000d\000e\000\040\000s\000u\000i\000v\000i\000\040\000d\000e\000\040\000p\000r\000o\000j\000e\000t\000\040\000\050\000A\000A\000,\000M\000L\000\051}{chapter.288}% 63
\BOOKMARK [1][-]{section.292}{\376\377\000C\000o\000n\000c\000l\000u\000s\000i\000o\000n\000\040\000\050\000A\000A\000,\000M\000L\000\051}{chapter.288}% 64
>>>>>>> ac9e2e599cfcfad4f2c1cd7c75c2bb646552f35b
